{
  "stats": {
    "suites": 1,
    "tests": 1,
    "passes": 0,
    "pending": 0,
    "failures": 1,
    "start": "2021-07-07T03:29:02.937Z",
    "end": "2021-07-07T03:29:04.498Z",
    "duration": 1561,
    "testsRegistered": 1,
    "passPercent": 0,
    "pendingPercent": 0,
    "other": 0,
    "hasOther": false,
    "skipped": 0,
    "hasSkipped": false
  },
  "results": [
    {
      "uuid": "98b17f42-cb4c-4817-a45e-a3930c55aa97",
      "title": "",
      "fullFile": "cypress/integration/data.js",
      "file": "cypress/integration/data.js",
      "beforeHooks": [],
      "afterHooks": [],
      "tests": [],
      "suites": [
        {
          "uuid": "19524745-4896-4eb2-acba-10a76df5b8d1",
          "title": "Data Driven Testing Using Excel FIle",
          "fullFile": "",
          "file": "",
          "beforeHooks": [],
          "afterHooks": [],
          "tests": [
            {
              "title": "Data Driven: Register User",
              "fullTitle": "Data Driven Testing Using Excel FIle Data Driven: Register User",
              "timedOut": null,
              "duration": 1322,
              "state": "failed",
              "speed": null,
              "pass": false,
              "fail": true,
              "pending": false,
              "context": null,
              "code": "cy.fixture('xlsxData').then(data => {\n  for (let i = 0; i < rowsLength; i++) {\n    cy.get('.btn-link').click();\n    cy.url().should('include', '/register').then(() => {\n      cy.get('input[formcontrolname=\"firstName\"]').type(data.rows[i].firstName);\n      cy.get('input[formcontrolname=\"lastName\"]').type(data.rows[i].lastName);\n      cy.get('input[formcontrolname=\"username\"]').type(data.rows[i].username);\n      cy.get('input[formcontrolname=\"password\"]').type(data.rows[i].password);\n      cy.get('.btn-primary').click();\n      cy.get('alert').should('have.text', data.rows[i].message);\n    });\n  }\n});",
              "err": {
                "message": "CypressError: `cy.visit()` failed trying to load:\n\nhttp://localhost:8080/\n\nWe attempted to make an http request to this URL but the request failed without a response.\n\nWe received this error at the network level:\n\n  > Error: connect ECONNREFUSED 127.0.0.1:8080\n\nCommon situations why this would fail:\n  - you don't have internet access\n  - you forgot to run / boot your web server\n  - your web server isn't accessible\n  - you have weird network configuration settings on your computer\n\nBecause this error occurred during a `before all` hook we are skipping the remaining tests in the current suite: `Data Driven Testing Using E...`",
                "estack": "CypressError: `cy.visit()` failed trying to load:\n\nhttp://localhost:8080/\n\nWe attempted to make an http request to this URL but the request failed without a response.\n\nWe received this error at the network level:\n\n  > Error: connect ECONNREFUSED 127.0.0.1:8080\n\nCommon situations why this would fail:\n  - you don't have internet access\n  - you forgot to run / boot your web server\n  - your web server isn't accessible\n  - you have weird network configuration settings on your computer\n\nBecause this error occurred during a `before all` hook we are skipping the remaining tests in the current suite: `Data Driven Testing Using E...`\n    at http://localhost:64248/__cypress/runner/cypress_runner.js:138933:23\n    at visitFailedByErr (http://localhost:64248/__cypress/runner/cypress_runner.js:138292:12)\n    at http://localhost:64248/__cypress/runner/cypress_runner.js:138932:11\n    at tryCatcher (http://localhost:64248/__cypress/runner/cypress_runner.js:10798:23)\n    at Promise._settlePromiseFromHandler (http://localhost:64248/__cypress/runner/cypress_runner.js:8733:31)\n    at Promise._settlePromise (http://localhost:64248/__cypress/runner/cypress_runner.js:8790:18)\n    at Promise._settlePromise0 (http://localhost:64248/__cypress/runner/cypress_runner.js:8835:10)\n    at Promise._settlePromises (http://localhost:64248/__cypress/runner/cypress_runner.js:8911:18)\n    at _drainQueueStep (http://localhost:64248/__cypress/runner/cypress_runner.js:5505:12)\n    at _drainQueue (http://localhost:64248/__cypress/runner/cypress_runner.js:5498:9)\n    at Async.../../node_modules/bluebird/js/release/async.js.Async._drainQueues (http://localhost:64248/__cypress/runner/cypress_runner.js:5514:5)\n    at Async.drainQueues (http://localhost:64248/__cypress/runner/cypress_runner.js:5384:14)\nFrom Your Spec Code:\n    at Context.eval (http://localhost:64248/__cypress/tests?p=cypress/integration/data.js:111:8)\n\nFrom Node.js Internals:\n  Error: connect ECONNREFUSED 127.0.0.1:8080\n      at TCPConnectWrap.afterConnect [as oncomplete] (net.js:1146:16)\n  ",
                "diff": null
              },
              "uuid": "2adac765-1dc4-4a16-926d-7d3219e6a238",
              "parentUUID": "19524745-4896-4eb2-acba-10a76df5b8d1",
              "isHook": false,
              "skipped": false
            }
          ],
          "suites": [],
          "passes": [],
          "failures": [
            "2adac765-1dc4-4a16-926d-7d3219e6a238"
          ],
          "pending": [],
          "skipped": [],
          "duration": 1322,
          "root": false,
          "rootEmpty": false,
          "_timeout": 2000
        }
      ],
      "passes": [],
      "failures": [],
      "pending": [],
      "skipped": [],
      "duration": 0,
      "root": true,
      "rootEmpty": true,
      "_timeout": 2000
    }
  ],
  "meta": {
    "mocha": {
      "version": "7.0.1"
    },
    "mochawesome": {
      "options": {
        "quiet": false,
        "reportFilename": "mochawesome",
        "saveHtml": false,
        "saveJson": true,
        "consoleReporter": "spec",
        "useInlineDiffs": false,
        "code": true
      },
      "version": "6.2.2"
    },
    "marge": {
      "options": {
        "overwrite": false,
        "html": false,
        "json": true
      },
      "version": "5.2.0"
    }
  }
}